<?xml version="1.0" encoding="utf-8"?><testsuites name="pytest tests"><testsuite name="pytest" errors="0" failures="0" skipped="0" tests="24" time="4.145" timestamp="2026-08-15T11:17:15.679679+00:00" hostname="agent-env-3766a8b4-7a03-43ab-853b-2b586de51e5a"><testcase classname="tests.backend_test.TestNabhrangE2E" name="test_01_homepage_marathi_no_php_errors" time="0.166" /><testcase classname="tests.backend_test.TestNabhrangE2E" name="test_02_public_pages_reachable" time="0.174" /><testcase classname="tests.backend_test.TestNabhrangE2E" name="test_03_member_register_and_login_pages_load" time="0.103" /><testcase classname="tests.backend_test.TestNabhrangE2E" name="test_04_admin_pages_redirect_when_unauthenticated" time="0.214" /><testcase classname="tests.backend_test.TestNabhrangE2E" name="test_05_member_pages_redirect_when_unauthenticated" time="0.109" /><testcase classname="tests.backend_test.TestNabhrangE2E" name="test_06_no_php_files_in_uploads" time="0.000" /><testcase classname="tests.backend_test.TestNabhrangE2E" name="test_07_admin_login_wrong_password_marathi_error" time="0.166" /><testcase classname="tests.backend_test.TestNabhrangE2E" name="test_08_admin_login_csrf_rejected" time="0.119" /><testcase classname="tests.backend_test.TestNabhrangE2E" name="test_09_admin_credentials_file_present" time="0.000" /><testcase classname="tests.backend_test.TestNabhrangE2E" name="test_10_admin_dashboard_loads" time="0.243" /><testcase classname="tests.backend_test.TestNabhrangE2E" name="test_11_all_admin_pages_load" time="0.402" /><testcase classname="tests.backend_test.TestNabhrangE2E" name="test_12_create_blog_and_verify_public" time="0.142" /><testcase classname="tests.backend_test.TestNabhrangE2E" name="test_13_soft_delete_blog_archives_not_hard_delete" time="0.120" /><testcase classname="tests.backend_test.TestNabhrangE2E" name="test_14_create_event_and_verify_public" time="0.113" /><testcase classname="tests.backend_test.TestNabhrangE2E" name="test_15_settings_save_persists" time="0.185" /><testcase classname="tests.backend_test.TestNabhrangE2E" name="test_16_member_registration" time="0.223" /><testcase classname="tests.backend_test.TestNabhrangE2E" name="test_17_member_login" time="0.193" /><testcase classname="tests.backend_test.TestNabhrangE2E" name="test_18_member_submits_payment_with_utr" time="0.059" /><testcase classname="tests.backend_test.TestNabhrangE2E" name="test_19_admin_sees_and_verifies_payment" time="0.107" /><testcase classname="tests.backend_test.TestNabhrangE2E" name="test_20_member_approved_and_card_renders" time="0.054" /><testcase classname="tests.backend_test.TestNabhrangE2E" name="test_21_reports_page_and_csv_exports" time="0.095" /><testcase classname="tests.backend_test.TestNabhrangE2E" name="test_22_member_soft_delete_archives" time="0.264" /><testcase classname="tests.backend_test.TestMaintenanceAndGallery" name="test_23_maintenance_mode_toggle" time="0.526" /><testcase classname="tests.backend_test.TestMaintenanceAndGallery" name="test_24_gallery_album_page" time="0.262" /></testsuite></testsuites>